<?xml version="1.0" encoding="UTF-8"?>
<!-- Generated by org.testng.reporters.JUnitXMLReporter -->
<testsuite ignored="0" hostname="IN026-LAB-0128" failures="0" tests="4" name="Default test" time="30.43" errors="0" timestamp="2023-10-10T09:38:16 IST">
  <testcase classname="classes.loginFlow" name="checkSignInButton" time="19.198"/>
  <testcase classname="classes.loginFlow" name="validLogin" time="5.864"/>
  <testcase classname="classes.loginFlow" name="profileLaunch" time="5.3"/>
  <testcase classname="classes.loginFlow" name="firstNavigation" time="0.029"/>
</testsuite> <!-- Default test -->
