<?xml version="1.0" encoding="UTF-8"?>
<!-- Generated by org.testng.reporters.JUnitXMLReporter -->
<testsuite ignored="0" hostname="IN026-LAB-0128" failures="0" tests="8" name="Test" time="47.144" errors="0" timestamp="2023-10-13T12:15:58 IST">
  <testcase classname="classes.loginFlow" name="checkSignInButton" time="21.708"/>
  <testcase classname="classes.loginFlow" name="validLogin" time="6.835"/>
  <testcase classname="classes.loginFlow" name="profileLaunch" time="5.274"/>
  <testcase classname="classes.AppScreen" name="firstNavigation" time="0.04"/>
  <testcase classname="classes.AppScreen" name="moviesTabLaunch" time="0.077"/>
  <testcase classname="classes.AppScreen" name="generPick" time="4.189"/>
  <testcase classname="classes.ContentSelection" name="contentrail" time="0.109"/>
  <testcase classname="classes.ContentSelection" name="contentSelection" time="8.844"/>
</testsuite> <!-- Test -->
