<?xml version="1.0" encoding="UTF-8"?>
<!-- Generated by org.testng.reporters.JUnitXMLReporter -->
<testsuite ignored="0" hostname="IN026-LAB-0128" failures="0" tests="8" name="Test" time="49.716" errors="0" timestamp="2023-10-18T15:06:05 IST">
  <testcase classname="classes.loginFlow" name="checkSignInButton" time="20.567"/>
  <testcase classname="classes.loginFlow" name="validLogin" time="5.652"/>
  <testcase classname="classes.loginFlow" name="profileLaunch" time="5.245"/>
  <testcase classname="classes.AppScreen" name="firstNavigation" time="0.027"/>
  <testcase classname="classes.AppScreen" name="moviesTabLaunch" time="0.06"/>
  <testcase classname="classes.AppScreen" name="generPick" time="4.275"/>
  <testcase classname="classes.ContentSelection" name="contentrail" time="3.087"/>
  <testcase classname="classes.ContentSelection" name="contentSelection" time="10.759"/>
</testsuite> <!-- Test -->
