<?xml version="1.0" encoding="UTF-8"?>
<testng-results ignored="0" total="8" passed="8" failed="0" skipped="0">
  <reporter-output>
  </reporter-output>
  <suite started-at="2023-10-18T15:05:16 IST" name="Suite" finished-at="2023-10-18T15:06:05 IST" duration-ms="49716">
    <groups>
    </groups>
    <test started-at="2023-10-18T15:05:16 IST" name="Test" finished-at="2023-10-18T15:06:05 IST" duration-ms="49716">
      <class name="classes.ContentSelection">
        <test-method signature="contentrail()[pri:0, instance:classes.ContentSelection@2b87581]" started-at="2023-10-18T15:05:52 IST" name="contentrail" finished-at="2023-10-18T15:05:55 IST" depends-on-methods="generPick" duration-ms="3087" status="PASS">
          <reporter-output>
          </reporter-output>
        </test-method> <!-- contentrail -->
        <test-method signature="contentSelection()[pri:0, instance:classes.ContentSelection@2b87581]" started-at="2023-10-18T15:05:55 IST" name="contentSelection" finished-at="2023-10-18T15:06:05 IST" depends-on-methods="classes.ContentSelection.contentrail" duration-ms="10759" status="PASS">
          <reporter-output>
          </reporter-output>
        </test-method> <!-- contentSelection -->
      </class> <!-- classes.ContentSelection -->
      <class name="classes.loginFlow">
        <test-method signature="checkSignInButton()[pri:0, instance:classes.loginFlow@4917d36b]" started-at="2023-10-18T15:05:16 IST" name="checkSignInButton" finished-at="2023-10-18T15:05:36 IST" duration-ms="20567" status="PASS">
          <reporter-output>
          </reporter-output>
        </test-method> <!-- checkSignInButton -->
        <test-method signature="validLogin()[pri:0, instance:classes.loginFlow@4917d36b]" started-at="2023-10-18T15:05:36 IST" name="validLogin" finished-at="2023-10-18T15:05:42 IST" duration-ms="5652" status="PASS">
          <reporter-output>
          </reporter-output>
        </test-method> <!-- validLogin -->
        <test-method signature="profileLaunch()[pri:0, instance:classes.loginFlow@4917d36b]" started-at="2023-10-18T15:05:42 IST" name="profileLaunch" finished-at="2023-10-18T15:05:47 IST" depends-on-methods="classes.loginFlow.validLogin" duration-ms="5245" status="PASS">
          <reporter-output>
          </reporter-output>
        </test-method> <!-- profileLaunch -->
      </class> <!-- classes.loginFlow -->
      <class name="classes.AppScreen">
        <test-method signature="firstNavigation()[pri:0, instance:classes.AppScreen@6579c3d9]" started-at="2023-10-18T15:05:47 IST" name="firstNavigation" finished-at="2023-10-18T15:05:47 IST" depends-on-methods="profileLaunch" duration-ms="27" status="PASS">
          <reporter-output>
          </reporter-output>
        </test-method> <!-- firstNavigation -->
        <test-method signature="moviesTabLaunch()[pri:0, instance:classes.AppScreen@6579c3d9]" started-at="2023-10-18T15:05:47 IST" name="moviesTabLaunch" finished-at="2023-10-18T15:05:47 IST" depends-on-methods="classes.AppScreen.firstNavigation" duration-ms="60" status="PASS">
          <reporter-output>
          </reporter-output>
        </test-method> <!-- moviesTabLaunch -->
        <test-method signature="generPick()[pri:0, instance:classes.AppScreen@6579c3d9]" started-at="2023-10-18T15:05:47 IST" name="generPick" finished-at="2023-10-18T15:05:52 IST" depends-on-methods="classes.AppScreen.moviesTabLaunch" duration-ms="4275" status="PASS">
          <reporter-output>
          </reporter-output>
        </test-method> <!-- generPick -->
      </class> <!-- classes.AppScreen -->
    </test> <!-- Test -->
  </suite> <!-- Suite -->
</testng-results>
