<?xml version="1.0" encoding="UTF-8"?>
<testng-results ignored="0" total="8" passed="8" failed="0" skipped="0">
  <reporter-output>
  </reporter-output>
  <suite started-at="2023-10-13T12:15:11 IST" name="Suite" finished-at="2023-10-13T12:15:58 IST" duration-ms="47144">
    <groups>
    </groups>
    <test started-at="2023-10-13T12:15:11 IST" name="Test" finished-at="2023-10-13T12:15:58 IST" duration-ms="47144">
      <class name="classes.ContentSelection">
        <test-method signature="contentrail()[pri:0, instance:classes.ContentSelection@1136b469]" started-at="2023-10-13T12:15:49 IST" name="contentrail" finished-at="2023-10-13T12:15:49 IST" depends-on-methods="generPick" duration-ms="109" status="PASS">
          <reporter-output>
          </reporter-output>
        </test-method> <!-- contentrail -->
        <test-method signature="contentSelection()[pri:0, instance:classes.ContentSelection@1136b469]" started-at="2023-10-13T12:15:49 IST" name="contentSelection" finished-at="2023-10-13T12:15:58 IST" depends-on-methods="classes.ContentSelection.contentrail" duration-ms="8844" status="PASS">
          <reporter-output>
          </reporter-output>
        </test-method> <!-- contentSelection -->
      </class> <!-- classes.ContentSelection -->
      <class name="classes.loginFlow">
        <test-method signature="checkSignInButton()[pri:0, instance:classes.loginFlow@4ebadd3d]" started-at="2023-10-13T12:15:11 IST" name="checkSignInButton" finished-at="2023-10-13T12:15:32 IST" duration-ms="21708" status="PASS">
          <reporter-output>
          </reporter-output>
        </test-method> <!-- checkSignInButton -->
        <test-method signature="validLogin()[pri:0, instance:classes.loginFlow@4ebadd3d]" started-at="2023-10-13T12:15:32 IST" name="validLogin" finished-at="2023-10-13T12:15:39 IST" duration-ms="6835" status="PASS">
          <reporter-output>
          </reporter-output>
        </test-method> <!-- validLogin -->
        <test-method signature="profileLaunch()[pri:0, instance:classes.loginFlow@4ebadd3d]" started-at="2023-10-13T12:15:39 IST" name="profileLaunch" finished-at="2023-10-13T12:15:45 IST" depends-on-methods="classes.loginFlow.validLogin" duration-ms="5274" status="PASS">
          <reporter-output>
          </reporter-output>
        </test-method> <!-- profileLaunch -->
      </class> <!-- classes.loginFlow -->
      <class name="classes.AppScreen">
        <test-method signature="firstNavigation()[pri:0, instance:classes.AppScreen@17ae7628]" started-at="2023-10-13T12:15:45 IST" name="firstNavigation" finished-at="2023-10-13T12:15:45 IST" depends-on-methods="profileLaunch" duration-ms="40" status="PASS">
          <reporter-output>
          </reporter-output>
        </test-method> <!-- firstNavigation -->
        <test-method signature="moviesTabLaunch()[pri:0, instance:classes.AppScreen@17ae7628]" started-at="2023-10-13T12:15:45 IST" name="moviesTabLaunch" finished-at="2023-10-13T12:15:45 IST" depends-on-methods="classes.AppScreen.firstNavigation" duration-ms="77" status="PASS">
          <reporter-output>
          </reporter-output>
        </test-method> <!-- moviesTabLaunch -->
        <test-method signature="generPick()[pri:0, instance:classes.AppScreen@17ae7628]" started-at="2023-10-13T12:15:45 IST" name="generPick" finished-at="2023-10-13T12:15:49 IST" depends-on-methods="classes.AppScreen.moviesTabLaunch" duration-ms="4189" status="PASS">
          <reporter-output>
          </reporter-output>
        </test-method> <!-- generPick -->
      </class> <!-- classes.AppScreen -->
    </test> <!-- Test -->
  </suite> <!-- Suite -->
</testng-results>
